<?xml version="1.0" encoding="UTF-8"?>
<!-- Generated by org.testng.reporters.JUnitXMLReporter -->
<testsuite ignored="0" hostname="LT-LP-227" failures="1" tests="4" name="Test_Speed_Browser" time="48.229" errors="0" timestamp="2024-12-12T12:59:44 IST">
  <testcase classname="AndroidApp" name="testChangeColor" time="4.812"/>
  <testcase classname="AndroidApp" name="testNotificationAndGeoLocation" time="3.922"/>
  <testcase classname="AndroidApp" name="testSpeedTestAndBrowser" time="13.373"/>
  <testcase classname="AndroidApp" name="testTextAndToast" time="1.412">
    <failure type="java.lang.RuntimeException" message="Test testTextAndToast failed: An element could not be located on the page using the given search parameters.
For documentation on this error, please visit: https://www.seleniumhq.org/exceptions/no_such_element.html
Build info: version: &amp;apos;3.141.59&amp;apos;, revision: &amp;apos;e82be7d358&amp;apos;, time: &amp;apos;2018-11-14T08:17:03&amp;apos;
System info: host: &amp;apos;LT-LP-227&amp;apos;, ip: &amp;apos;192.168.29.232&amp;apos;, os.name: &amp;apos;Windows 11&amp;apos;, os.arch: &amp;apos;amd64&amp;apos;, os.version: &amp;apos;10.0&amp;apos;, java.version: &amp;apos;21.0.2&amp;apos;
Driver info: io.appium.java_client.AppiumDriver
Capabilities {adbExecTimeout: 120000, appActivity: com.lambdatest.proverbial.M..., appPackage: com.lambdatest.proverbial, autoAcceptAlerts: true, automationName: uiautomator2, chromeOptions: {args: []}, chromedriverExecutableDir: /appium/assets/drivers/chro..., chromedriverPorts: [[11001, 11049]], databaseEnabled: false, desired: {adbExecTimeout: 120000, appActivity: com.lambdatest.proverbial.M..., appPackage: com.lambdatest.proverbial, autoAcceptAlerts: true, automationName: uiautomator2, chromeOptions: {args: []}, chromedriverExecutableDir: /appium/assets/drivers/chro..., chromedriverPorts: [[11001, 11049]], deviceName: Galaxy Note20 Ultra 5G, headless: false, mode: cloud, nativeWebScreenshot: true, newCommandTimeout: 0, orientation: PORTRAIT, platformName: android, platformVersion: 11, systemPort: 12076, udid: R5CNA04A0MX, uiautomator2ServerLaunchTimeout: 60000, waitForQuiescence: false}, deviceApiLevel: 30, deviceManufacturer: samsung, deviceModel: SM-N986U, deviceName: R5CNA04A0MX, deviceScreenDensity: 420, deviceScreenSize: 1080x2316, deviceUDID: R5CNA04A0MX, headless: false, javascriptEnabled: true, locationContextEnabled: false, mode: cloud, nativeWebScreenshot: true, networkConnectionEnabled: true, newCommandTimeout: 0, orientation: PORTRAIT, pixelRatio: 2.625, platform: LINUX, platformName: Android, platformVersion: 11, statBarHeight: 67, systemPort: 12076, takesScreenshot: true, udid: R5CNA04A0MX, uiautomator2ServerLaunchTimeout: 60000, viewportRect: {height: 2056, left: 0, top: 67, width: 1080}, waitForQuiescence: false, warnings: {}, webStorageEnabled: false}
Session ID: 512ea6e6-800a-4351-b143-3b61990e4c7c
*** Element info: {Using=id, value=com.lambdatest.proverbial:id/Text}">
      <![CDATA[java.lang.RuntimeException: Test testTextAndToast failed: An element could not be located on the page using the given search parameters.
For documentation on this error, please visit: https://www.seleniumhq.org/exceptions/no_such_element.html
Build info: version: '3.141.59', revision: 'e82be7d358', time: '2018-11-14T08:17:03'
System info: host: 'LT-LP-227', ip: '192.168.29.232', os.name: 'Windows 11', os.arch: 'amd64', os.version: '10.0', java.version: '21.0.2'
Driver info: io.appium.java_client.AppiumDriver
Capabilities {adbExecTimeout: 120000, appActivity: com.lambdatest.proverbial.M..., appPackage: com.lambdatest.proverbial, autoAcceptAlerts: true, automationName: uiautomator2, chromeOptions: {args: []}, chromedriverExecutableDir: /appium/assets/drivers/chro..., chromedriverPorts: [[11001, 11049]], databaseEnabled: false, desired: {adbExecTimeout: 120000, appActivity: com.lambdatest.proverbial.M..., appPackage: com.lambdatest.proverbial, autoAcceptAlerts: true, automationName: uiautomator2, chromeOptions: {args: []}, chromedriverExecutableDir: /appium/assets/drivers/chro..., chromedriverPorts: [[11001, 11049]], deviceName: Galaxy Note20 Ultra 5G, headless: false, mode: cloud, nativeWebScreenshot: true, newCommandTimeout: 0, orientation: PORTRAIT, platformName: android, platformVersion: 11, systemPort: 12076, udid: R5CNA04A0MX, uiautomator2ServerLaunchTimeout: 60000, waitForQuiescence: false}, deviceApiLevel: 30, deviceManufacturer: samsung, deviceModel: SM-N986U, deviceName: R5CNA04A0MX, deviceScreenDensity: 420, deviceScreenSize: 1080x2316, deviceUDID: R5CNA04A0MX, headless: false, javascriptEnabled: true, locationContextEnabled: false, mode: cloud, nativeWebScreenshot: true, networkConnectionEnabled: true, newCommandTimeout: 0, orientation: PORTRAIT, pixelRatio: 2.625, platform: LINUX, platformName: Android, platformVersion: 11, statBarHeight: 67, systemPort: 12076, takesScreenshot: true, udid: R5CNA04A0MX, uiautomator2ServerLaunchTimeout: 60000, viewportRect: {height: 2056, left: 0, top: 67, width: 1080}, waitForQuiescence: false, warnings: {}, webStorageEnabled: false}
Session ID: 512ea6e6-800a-4351-b143-3b61990e4c7c
*** Element info: {Using=id, value=com.lambdatest.proverbial:id/Text}
at AndroidApp.testTextAndToast(AndroidApp.java:185)
at java.base/java.util.ArrayList.forEach(ArrayList.java:1596)
at java.base/java.util.concurrent.FutureTask.run(FutureTask.java:317)
at java.base/java.util.concurrent.ThreadPoolExecutor.runWorker(ThreadPoolExecutor.java:1144)
at java.base/java.util.concurrent.ThreadPoolExecutor$Worker.run(ThreadPoolExecutor.java:642)
at java.base/java.lang.Thread.run(Thread.java:1583)
Caused by: org.openqa.selenium.NoSuchElementException: An element could not be located on the page using the given search parameters.
For documentation on this error, please visit: https://www.seleniumhq.org/exceptions/no_such_element.html
Build info: version: '3.141.59', revision: 'e82be7d358', time: '2018-11-14T08:17:03'
System info: host: 'LT-LP-227', ip: '192.168.29.232', os.name: 'Windows 11', os.arch: 'amd64', os.version: '10.0', java.version: '21.0.2'
Driver info: io.appium.java_client.AppiumDriver
Capabilities {adbExecTimeout: 120000, appActivity: com.lambdatest.proverbial.M..., appPackage: com.lambdatest.proverbial, autoAcceptAlerts: true, automationName: uiautomator2, chromeOptions: {args: []}, chromedriverExecutableDir: /appium/assets/drivers/chro..., chromedriverPorts: [[11001, 11049]], databaseEnabled: false, desired: {adbExecTimeout: 120000, appActivity: com.lambdatest.proverbial.M..., appPackage: com.lambdatest.proverbial, autoAcceptAlerts: true, automationName: uiautomator2, chromeOptions: {args: []}, chromedriverExecutableDir: /appium/assets/drivers/chro..., chromedriverPorts: [[11001, 11049]], deviceName: Galaxy Note20 Ultra 5G, headless: false, mode: cloud, nativeWebScreenshot: true, newCommandTimeout: 0, orientation: PORTRAIT, platformName: android, platformVersion: 11, systemPort: 12076, udid: R5CNA04A0MX, uiautomator2ServerLaunchTimeout: 60000, waitForQuiescence: false}, deviceApiLevel: 30, deviceManufacturer: samsung, deviceModel: SM-N986U, deviceName: R5CNA04A0MX, deviceScreenDensity: 420, deviceScreenSize: 1080x2316, deviceUDID: R5CNA04A0MX, headless: false, javascriptEnabled: true, locationContextEnabled: false, mode: cloud, nativeWebScreenshot: true, networkConnectionEnabled: true, newCommandTimeout: 0, orientation: PORTRAIT, pixelRatio: 2.625, platform: LINUX, platformName: Android, platformVersion: 11, statBarHeight: 67, systemPort: 12076, takesScreenshot: true, udid: R5CNA04A0MX, uiautomator2ServerLaunchTimeout: 60000, viewportRect: {height: 2056, left: 0, top: 67, width: 1080}, waitForQuiescence: false, warnings: {}, webStorageEnabled: false}
Session ID: 512ea6e6-800a-4351-b143-3b61990e4c7c
*** Element info: {Using=id, value=com.lambdatest.proverbial:id/Text}
at org.openqa.selenium.remote.http.W3CHttpResponseCodec.createException(W3CHttpResponseCodec.java:187)
at org.openqa.selenium.remote.http.W3CHttpResponseCodec.decode(W3CHttpResponseCodec.java:122)
at org.openqa.selenium.remote.http.W3CHttpResponseCodec.decode(W3CHttpResponseCodec.java:49)
at org.openqa.selenium.remote.HttpCommandExecutor.execute(HttpCommandExecutor.java:158)
at io.appium.java_client.remote.AppiumCommandExecutor.execute(AppiumCommandExecutor.java:250)
at org.openqa.selenium.remote.RemoteWebDriver.execute(RemoteWebDriver.java:552)
at io.appium.java_client.DefaultGenericMobileDriver.execute(DefaultGenericMobileDriver.java:41)
at io.appium.java_client.AppiumDriver.execute(AppiumDriver.java:1)
at org.openqa.selenium.remote.RemoteWebDriver.findElement(RemoteWebDriver.java:323)
at io.appium.java_client.DefaultGenericMobileDriver.findElement(DefaultGenericMobileDriver.java:61)
at io.appium.java_client.AppiumDriver.findElement(AppiumDriver.java:1)
at org.openqa.selenium.remote.RemoteWebDriver.findElementById(RemoteWebDriver.java:372)
at io.appium.java_client.DefaultGenericMobileDriver.findElementById(DefaultGenericMobileDriver.java:69)
at io.appium.java_client.AppiumDriver.findElementById(AppiumDriver.java:1)
at AndroidApp.testTextAndToast(AndroidApp.java:173)
... 21 more
... Removed 19 stack frames]]>
    </failure>
  </testcase> <!-- testTextAndToast -->
</testsuite> <!-- Test_Speed_Browser -->
