<!DOCTYPE html PUBLIC "-//W3C//DTD XHTML 1.1//EN" "https://www.w3.org/TR/xhtml11/DTD/xhtml11.dtd">
<html xmlns="https://www.w3.org/1999/xhtml">
<head>
<meta http-equiv="content-type" content="text/html; charset=UTF-8"/>
<title>TestNG Report</title>
<style type="text/css">table {margin-bottom:10px;border-collapse:collapse;empty-cells:show}th,td {border:1px solid #009;padding:.25em .5em}th {vertical-align:bottom}td {vertical-align:top}table a {font-weight:bold}.stripe td {background-color: #E6EBF9}.num {text-align:right}.passedodd td {background-color: #3F3}.passedeven td {background-color: #0A0}.skippedodd td {background-color: #DDD}.skippedeven td {background-color: #CCC}.failedodd td,.attn {background-color: #F33}.failedeven td,.stripe .attn {background-color: #D00}.stacktrace {white-space:pre;font-family:monospace}.totop {font-size:85%;text-align:center;border-bottom:2px solid #000}.invisible {display:none}</style>
</head>
<body>
<table>
<tr><th>Test</th><th># Passed</th><th># Skipped</th><th># Retried</th><th># Failed</th><th>Time (ms)</th><th>Included Groups</th><th>Excluded Groups</th></tr>
<tr><th colspan="8">Mobile</th></tr>
<tr><td><a href="#t0">Test_Notification_GeoLocation</a></td><td class="num">0</td><td class="num">0</td><td class="num">0</td><td class="num attn">1</td><td class="num">24,654</td><td></td><td></td></tr>
<tr class="stripe"><td><a href="#t1">Test_Text_And_Toast</a></td><td class="num">1</td><td class="num">0</td><td class="num">0</td><td class="num">0</td><td class="num">24,907</td><td></td><td></td></tr>
<tr><td><a href="#t2">Test_Change_Color</a></td><td class="num">1</td><td class="num">0</td><td class="num">0</td><td class="num">0</td><td class="num">27,048</td><td></td><td></td></tr>
<tr><th>Total</th><th class="num">2</th><th class="num">0</th><th class="num">0</th><th class="num attn">1</th><th class="num">76,609</th><th colspan="2"></th></tr>
</table>
<table id='summary'><thead><tr><th>Class</th><th>Method</th><th>Start</th><th>Time (ms)</th></tr></thead><tbody><tr><th colspan="4">Mobile</th></tr></tbody><tbody id="t0"><tr><th colspan="4">Test_Notification_GeoLocation &#8212; failed</th></tr><tr class="failedeven"><td rowspan="1">TestNotificationAndGeoLocation</td><td><a href="#m0">testNotificationAndGeoLocation</a></td><td rowspan="1">1733990101157</td><td rowspan="1">4117</td></tr></tbody>
<tbody id="t1"><tr><th colspan="4">Test_Text_And_Toast &#8212; passed</th></tr><tr class="passedeven"><td rowspan="1">TestTextAndToast</td><td><a href="#m1">testTextAndToast</a></td><td rowspan="1">1733990101559</td><td rowspan="1">3986</td></tr></tbody>
<tbody id="t2"><tr><th colspan="4">Test_Change_Color &#8212; passed</th></tr><tr class="passedeven"><td rowspan="1">TestChangeColor</td><td><a href="#m2">testChangeColor</a></td><td rowspan="1">1733990104013</td><td rowspan="1">3682</td></tr></tbody>
</table>
<h2>Test_Notification_GeoLocation</h2><h3 id="m0">TestNotificationAndGeoLocation#testNotificationAndGeoLocation</h3><table class="result"><tr><th>Exception</th></tr><tr><td><div class="stacktrace">java.lang.RuntimeException: Test testNotificationAndGeoLocation failed: The element &apos;By.id: com.lambdatest.proverbial:id/notification&apos; does not exist in DOM anymore
For documentation on this error, please visit: https://www.seleniumhq.org/exceptions/stale_element_reference.html
Build info: version: &apos;3.141.59&apos;, revision: &apos;e82be7d358&apos;, time: &apos;2018-11-14T08:17:03&apos;
System info: host: &apos;LT-LP-227&apos;, ip: &apos;192.168.29.232&apos;, os.name: &apos;Windows 11&apos;, os.arch: &apos;amd64&apos;, os.version: &apos;10.0&apos;, java.version: &apos;21.0.2&apos;
Driver info: io.appium.java_client.AppiumDriver
Capabilities {adbExecTimeout: 120000, appActivity: com.lambdatest.proverbial.M..., appPackage: com.lambdatest.proverbial, autoAcceptAlerts: true, automationName: uiautomator2, chromeOptions: {args: []}, chromedriverExecutableDir: /appium/assets/drivers/chro..., chromedriverPorts: [[11001, 11049]], databaseEnabled: false, desired: {adbExecTimeout: 120000, appActivity: com.lambdatest.proverbial.M..., appPackage: com.lambdatest.proverbial, autoAcceptAlerts: true, automationName: uiautomator2, chromeOptions: {args: []}, chromedriverExecutableDir: /appium/assets/drivers/chro..., chromedriverPorts: [[11001, 11049]], deviceName: Galaxy S23+, headless: false, mode: cloud, nativeWebScreenshot: true, newCommandTimeout: 0, orientation: PORTRAIT, platformName: android, platformVersion: 13, skipLogcatCapture: true, systemPort: 12154, udid: RZCW20S8H4N, uiautomator2ServerLaunchTimeout: 60000, waitForQuiescence: false}, deviceApiLevel: 33, deviceManufacturer: samsung, deviceModel: SM-S916B, deviceName: RZCW20S8H4N, deviceScreenDensity: 450, deviceScreenSize: 1080x2340, deviceUDID: RZCW20S8H4N, headless: false, javascriptEnabled: true, locationContextEnabled: false, mode: cloud, nativeWebScreenshot: true, networkConnectionEnabled: true, newCommandTimeout: 0, orientation: PORTRAIT, pixelRatio: 2.8125, platform: LINUX, platformName: Android, platformVersion: 13, skipLogcatCapture: true, statBarHeight: 74, systemPort: 12154, takesScreenshot: true, udid: RZCW20S8H4N, uiautomator2ServerLaunchTimeout: 60000, viewportRect: {height: 2057, left: 0, top: 74, width: 1080}, waitForQuiescence: false, warnings: {}, webStorageEnabled: false}
Session ID: 31a09cbe-391f-43e1-b579-1f9d788697d9
	at TestNotificationAndGeoLocation.testNotificationAndGeoLocation(TestNotificationAndGeoLocation.java:51)
	at java.base/java.util.ArrayList.forEach(ArrayList.java:1596)
	at java.base/java.util.concurrent.FutureTask.run(FutureTask.java:317)
	at java.base/java.util.concurrent.ThreadPoolExecutor.runWorker(ThreadPoolExecutor.java:1144)
	at java.base/java.util.concurrent.ThreadPoolExecutor$Worker.run(ThreadPoolExecutor.java:642)
	at java.base/java.lang.Thread.run(Thread.java:1583)
Caused by: org.openqa.selenium.StaleElementReferenceException: The element &apos;By.id: com.lambdatest.proverbial:id/notification&apos; does not exist in DOM anymore
For documentation on this error, please visit: https://www.seleniumhq.org/exceptions/stale_element_reference.html
Build info: version: &apos;3.141.59&apos;, revision: &apos;e82be7d358&apos;, time: &apos;2018-11-14T08:17:03&apos;
System info: host: &apos;LT-LP-227&apos;, ip: &apos;192.168.29.232&apos;, os.name: &apos;Windows 11&apos;, os.arch: &apos;amd64&apos;, os.version: &apos;10.0&apos;, java.version: &apos;21.0.2&apos;
Driver info: io.appium.java_client.AppiumDriver
Capabilities {adbExecTimeout: 120000, appActivity: com.lambdatest.proverbial.M..., appPackage: com.lambdatest.proverbial, autoAcceptAlerts: true, automationName: uiautomator2, chromeOptions: {args: []}, chromedriverExecutableDir: /appium/assets/drivers/chro..., chromedriverPorts: [[11001, 11049]], databaseEnabled: false, desired: {adbExecTimeout: 120000, appActivity: com.lambdatest.proverbial.M..., appPackage: com.lambdatest.proverbial, autoAcceptAlerts: true, automationName: uiautomator2, chromeOptions: {args: []}, chromedriverExecutableDir: /appium/assets/drivers/chro..., chromedriverPorts: [[11001, 11049]], deviceName: Galaxy S23+, headless: false, mode: cloud, nativeWebScreenshot: true, newCommandTimeout: 0, orientation: PORTRAIT, platformName: android, platformVersion: 13, skipLogcatCapture: true, systemPort: 12154, udid: RZCW20S8H4N, uiautomator2ServerLaunchTimeout: 60000, waitForQuiescence: false}, deviceApiLevel: 33, deviceManufacturer: samsung, deviceModel: SM-S916B, deviceName: RZCW20S8H4N, deviceScreenDensity: 450, deviceScreenSize: 1080x2340, deviceUDID: RZCW20S8H4N, headless: false, javascriptEnabled: true, locationContextEnabled: false, mode: cloud, nativeWebScreenshot: true, networkConnectionEnabled: true, newCommandTimeout: 0, orientation: PORTRAIT, pixelRatio: 2.8125, platform: LINUX, platformName: Android, platformVersion: 13, skipLogcatCapture: true, statBarHeight: 74, systemPort: 12154, takesScreenshot: true, udid: RZCW20S8H4N, uiautomator2ServerLaunchTimeout: 60000, viewportRect: {height: 2057, left: 0, top: 74, width: 1080}, waitForQuiescence: false, warnings: {}, webStorageEnabled: false}
Session ID: 31a09cbe-391f-43e1-b579-1f9d788697d9
	at org.openqa.selenium.remote.http.W3CHttpResponseCodec.createException(W3CHttpResponseCodec.java:187)
	at org.openqa.selenium.remote.http.W3CHttpResponseCodec.decode(W3CHttpResponseCodec.java:122)
	at org.openqa.selenium.remote.http.W3CHttpResponseCodec.decode(W3CHttpResponseCodec.java:49)
	at org.openqa.selenium.remote.HttpCommandExecutor.execute(HttpCommandExecutor.java:158)
	at io.appium.java_client.remote.AppiumCommandExecutor.execute(AppiumCommandExecutor.java:250)
	at org.openqa.selenium.remote.RemoteWebDriver.execute(RemoteWebDriver.java:552)
	at io.appium.java_client.DefaultGenericMobileDriver.execute(DefaultGenericMobileDriver.java:41)
	at io.appium.java_client.AppiumDriver.execute(AppiumDriver.java:1)
	at org.openqa.selenium.remote.RemoteWebElement.execute(RemoteWebElement.java:285)
	at io.appium.java_client.DefaultGenericMobileElement.execute(DefaultGenericMobileElement.java:45)
	at io.appium.java_client.MobileElement.execute(MobileElement.java:1)
	at io.appium.java_client.android.AndroidElement.execute(AndroidElement.java:1)
	at org.openqa.selenium.remote.RemoteWebElement.isDisplayed(RemoteWebElement.java:326)
	at TestNotificationAndGeoLocation.testNotificationAndGeoLocation(TestNotificationAndGeoLocation.java:47)
	... 21 more
... Removed 19 stack frames</div></td></tr></table><p class="totop"><a href="#summary">back to summary</a></p>
<h2>Test_Text_And_Toast</h2><h3 id="m1">TestTextAndToast#testTextAndToast</h3><table class="result"><tr><th class="invisible"/></tr></table><p class="totop"><a href="#summary">back to summary</a></p>
<h2>Test_Change_Color</h2><h3 id="m2">TestChangeColor#testChangeColor</h3><table class="result"><tr><th class="invisible"/></tr></table><p class="totop"><a href="#summary">back to summary</a></p>
</body>
</html>
